#
# An unexpected error has been detected by Java Runtime Environment:
#
#  EXCEPTION_ACCESS_VIOLATION (0xc0000005) at pc=0x75cd7a1f, pid=5632, tid=5408
#
# Java VM: Java HotSpot(TM) Client VM (11.3-b02 mixed mode windows-x86)
# Problematic frame:
# C  [ole32.dll+0x37a1f]
#
# If you would like to submit a bug report, please visit:
#   http://java.sun.com/webapps/bugreport/crash.jsp
# The crash happened outside the Java Virtual Machine in native code.
# See problematic frame for where to report the bug.
#

---------------  T H R E A D  ---------------

Current thread (0x0c31c400):  JavaThread "AWT-EventQueue-0" [_thread_in_native, id=5408, stack(0x0c5a0000,0x0c5f0000)]

siginfo: ExceptionCode=0xc0000005, writing address 0x00000028

Registers:
EAX=0x0c5ee84c, EBX=0x75de7758, ECX=0x00000000, EDX=0x00000000
ESP=0x0c5ee81c, EBP=0x0c5ee824, ESI=0x0c5ee84c, EDI=0x00000028
EIP=0x75cd7a1f, EFLAGS=0x00010246

Top of Stack: (sp=0x0c5ee81c)
0x0c5ee81c:   002bb9a8 002b2240 0c5ee860 75cd76eb
0x0c5ee82c:   0c5ee84c 019b0ad8 002bb9a8 00000000
0x0c5ee83c:   00000000 0029ae70 002b2240 00000000
0x0c5ee84c:   00006400 00001600 89514ab9 b66ccbb3
0x0c5ee85c:   24f9fb49 0c5ee87c 75cd754a 0eb00570
0x0c5ee86c:   00000000 75ddd83e 0c416998 002bb9a8
0x0c5ee87c:   0c5ee8c8 75d2e0a1 24f9fbe1 0c416998
0x0c5ee88c:   0c416998 019b0ad8 0c5ee8ac 75419292 

Instructions: (pc=0x75cd7a1f)
0x75cd7a0f:   90 90 90 8b ff 55 8b ec 56 8b 75 08 57 8d 79 28
0x75cd7a1f:   a5 a5 a5 a5 5f 5e 5d c2 04 00 ff 75 0c ff 75 08 


Stack: [0x0c5a0000,0x0c5f0000],  sp=0x0c5ee81c,  free space=314k
Native frames: (J=compiled Java code, j=interpreted, Vv=VM code, C=native code)
C  [ole32.dll+0x37a1f]
C  [ole32.dll+0x376eb]
C  [ole32.dll+0x3754a]
C  [ole32.dll+0x8e0a1]

Java frames: (J=compiled Java code, j=interpreted, Vv=VM code)
j  sun.awt.windows.WComponentPeer.addNativeDropTarget()J+0
j  sun.awt.windows.WComponentPeer.addDropTarget(Ljava/awt/dnd/DropTarget;)V+9
j  java.awt.dnd.DropTarget.addNotify(Ljava/awt/peer/ComponentPeer;)V+60
j  java.awt.Component.addNotify()V+297
j  java.awt.Container.addNotify()V+8
j  javax.swing.JComponent.addNotify()V+1
j  java.awt.Container.addImpl(Ljava/awt/Component;Ljava/lang/Object;I)V+194
j  javax.swing.CellRendererPane.addImpl(Ljava/awt/Component;Ljava/lang/Object;I)V+13
j  java.awt.Container.add(Ljava/awt/Component;)Ljava/awt/Component;+4
j  javax.swing.CellRendererPane.paintComponent(Ljava/awt/Graphics;Ljava/awt/Component;Ljava/awt/Container;IIIIZ)V+51
j  javax.swing.plaf.basic.BasicTableUI.paintCell(Ljava/awt/Graphics;Ljava/awt/Rectangle;II)V+110
j  javax.swing.plaf.basic.BasicTableUI.paintCells(Ljava/awt/Graphics;IIII)V+133
j  javax.swing.plaf.basic.BasicTableUI.paint(Ljava/awt/Graphics;Ljavax/swing/JComponent;)V+272
j  javax.swing.plaf.ComponentUI.update(Ljava/awt/Graphics;Ljavax/swing/JComponent;)V+32
j  javax.swing.JComponent.paintComponent(Ljava/awt/Graphics;)V+26
j  javax.swing.JComponent.paint(Ljava/awt/Graphics;)V+269
j  javax.swing.JComponent.paintChildren(Ljava/awt/Graphics;)V+473
j  javax.swing.JComponent.paint(Ljava/awt/Graphics;)V+301
j  javax.swing.JViewport.paint(Ljava/awt/Graphics;)V+205
j  javax.swing.JComponent.paintChildren(Ljava/awt/Graphics;)V+473
j  javax.swing.JComponent.paint(Ljava/awt/Graphics;)V+301
j  javax.swing.JComponent.paintChildren(Ljava/awt/Graphics;)V+473
j  javax.swing.JComponent.paint(Ljava/awt/Graphics;)V+301
j  javax.swing.JComponent.paintChildren(Ljava/awt/Graphics;)V+473
j  javax.swing.JComponent.paint(Ljava/awt/Graphics;)V+301
j  javax.swing.JComponent.paintChildren(Ljava/awt/Graphics;)V+473
j  javax.swing.JComponent.paint(Ljava/awt/Graphics;)V+301
j  javax.swing.JComponent.paintChildren(Ljava/awt/Graphics;)V+473
j  javax.swing.JComponent.paint(Ljava/awt/Graphics;)V+301
j  javax.swing.JLayeredPane.paint(Ljava/awt/Graphics;)V+73
j  javax.swing.JComponent.paintChildren(Ljava/awt/Graphics;)V+473
j  javax.swing.JComponent.paintToOffscreen(Ljava/awt/Graphics;IIIIII)V+72
j  javax.swing.RepaintManager$PaintManager.paintDoubleBuffered(Ljavax/swing/JComponent;Ljava/awt/Image;Ljava/awt/Graphics;IIII)V+105
j  javax.swing.RepaintManager$PaintManager.paint(Ljavax/swing/JComponent;Ljavax/swing/JComponent;Ljava/awt/Graphics;IIII)Z+116
j  javax.swing.RepaintManager.paint(Ljavax/swing/JComponent;Ljavax/swing/JComponent;Ljava/awt/Graphics;IIII)V+52
j  javax.swing.JComponent.paint(Ljava/awt/Graphics;)V+204
j  java.awt.GraphicsCallback$PaintCallback.run(Ljava/awt/Component;Ljava/awt/Graphics;)V+2
j  sun.awt.SunGraphicsCallback.runOneComponent(Ljava/awt/Component;Ljava/awt/Rectangle;Ljava/awt/Graphics;Ljava/awt/Shape;I)V+155
j  sun.awt.SunGraphicsCallback.runComponents([Ljava/awt/Component;Ljava/awt/Graphics;I)V+104
j  java.awt.Container.paint(Ljava/awt/Graphics;)V+73
j  javax.swing.RepaintManager.paintDirtyRegions(Ljava/util/Map;)V+256
j  javax.swing.RepaintManager.paintDirtyRegions()V+46
j  javax.swing.RepaintManager.seqPaintDirtyRegions()V+73
j  javax.swing.SystemEventQueueUtilities$ComponentWorkRequest.run()V+36
j  java.awt.event.InvocationEvent.dispatch()V+47
j  java.awt.EventQueue.dispatchEvent(Ljava/awt/AWTEvent;)V+26
j  java.awt.EventDispatchThread.pumpOneEventForFilters(I)Z+204
j  java.awt.EventDispatchThread.pumpEventsForFilter(ILjava/awt/Conditional;Ljava/awt/EventFilter;)V+30
j  java.awt.EventDispatchThread.pumpEventsForHierarchy(ILjava/awt/Conditional;Ljava/awt/Component;)V+11
j  java.awt.EventDispatchThread.pumpEvents(ILjava/awt/Conditional;)V+4
j  java.awt.EventDispatchThread.pumpEvents(Ljava/awt/Conditional;)V+3
j  java.awt.EventDispatchThread.run()V+9
v  ~StubRoutines::call_stub

---------------  P R O C E S S  ---------------

Java Threads: ( => current thread )
  0x0c4bc400 JavaThread "TimerQueue" daemon [_thread_blocked, id=2536, stack(0x0c670000,0x0c6c0000)]
  0x0eb0ac00 JavaThread "D3D Screen Updater" daemon [_thread_blocked, id=3216, stack(0x0e6d0000,0x0e720000)]
  0x00189400 JavaThread "DestroyJavaVM" [_thread_blocked, id=6108, stack(0x00190000,0x001e0000)]
=>0x0c31c400 JavaThread "AWT-EventQueue-0" [_thread_in_native, id=5408, stack(0x0c5a0000,0x0c5f0000)]
  0x0c31ac00 JavaThread "AWT-Windows" daemon [_thread_in_native, id=5988, stack(0x0c230000,0x0c280000)]
  0x0c31a800 JavaThread "AWT-Shutdown" [_thread_blocked, id=4056, stack(0x0c190000,0x0c1e0000)]
  0x0c318800 JavaThread "Java2D Disposer" daemon [_thread_blocked, id=1000, stack(0x0c010000,0x0c060000)]
  0x019a9400 JavaThread "Low Memory Detector" daemon [_thread_blocked, id=4976, stack(0x0bde0000,0x0be30000)]
  0x019a6000 JavaThread "CompilerThread0" daemon [_thread_blocked, id=3424, stack(0x0bd90000,0x0bde0000)]
  0x0199b400 JavaThread "JDWP Command Reader" daemon [_thread_in_native, id=3540, stack(0x0bd10000,0x0bd60000)]
  0x0199ac00 JavaThread "JDWP Event Helper Thread" daemon [_thread_blocked, id=4924, stack(0x0bcc0000,0x0bd10000)]
  0x01999800 JavaThread "JDWP Transport Listener: dt_socket" daemon [_thread_blocked, id=3860, stack(0x0bc20000,0x0bc70000)]
  0x0198d800 JavaThread "Attach Listener" daemon [_thread_blocked, id=4788, stack(0x0bb70000,0x0bbc0000)]
  0x01983000 JavaThread "Signal Dispatcher" daemon [_thread_blocked, id=2700, stack(0x0bb20000,0x0bb70000)]
  0x0196e400 JavaThread "Finalizer" daemon [_thread_blocked, id=5116, stack(0x0bad0000,0x0bb20000)]
  0x0196d000 JavaThread "Reference Handler" daemon [_thread_blocked, id=4816, stack(0x0ba80000,0x0bad0000)]

Other Threads:
  0x01969c00 VMThread [stack: 0x0ba30000,0x0ba80000] [id=1324]
  0x019aa800 WatcherThread [stack: 0x0be30000,0x0be80000] [id=4800]

VM state:not at safepoint (normal execution)

VM Mutex/Monitor currently owned by a thread: None

Heap
 def new generation   total 960K, used 158K [0x039e0000, 0x03ae0000, 0x03ec0000)
  eden space 896K,  17% used [0x039e0000, 0x03a07b78, 0x03ac0000)
  from space 64K,   0% used [0x03ac0000, 0x03ac0000, 0x03ad0000)
  to   space 64K,   0% used [0x03ad0000, 0x03ad0000, 0x03ae0000)
 tenured generation   total 7040K, used 4489K [0x03ec0000, 0x045a0000, 0x079e0000)
   the space 7040K,  63% used [0x03ec0000, 0x04322690, 0x04322800, 0x045a0000)
 compacting perm gen  total 12288K, used 12262K [0x079e0000, 0x085e0000, 0x0b9e0000)
   the space 12288K,  99% used [0x079e0000, 0x085d9948, 0x085d9a00, 0x085e0000)
No shared spaces configured.

Dynamic libraries:
0x00400000 - 0x00424000 	C:\Program Files\Java\jdk1.6.0_13\jre\bin\java.exe
0x770f0000 - 0x7722c000 	C:\Windows\SYSTEM32\ntdll.dll
0x75990000 - 0x75a64000 	C:\Windows\system32\kernel32.dll
0x75410000 - 0x7545a000 	C:\Windows\system32\KERNELBASE.dll
0x77280000 - 0x77320000 	C:\Windows\system32\ADVAPI32.dll
0x76140000 - 0x761ec000 	C:\Windows\system32\msvcrt.dll
0x77230000 - 0x77249000 	C:\Windows\SYSTEM32\sechost.dll
0x76270000 - 0x76311000 	C:\Windows\system32\RPCRT4.dll
0x7c340000 - 0x7c396000 	C:\Program Files\Java\jdk1.6.0_13\jre\bin\msvcr71.dll
0x6d8b0000 - 0x6db06000 	C:\Program Files\Java\jdk1.6.0_13\jre\bin\client\jvm.dll
0x75860000 - 0x75929000 	C:\Windows\system32\USER32.dll
0x75610000 - 0x7565e000 	C:\Windows\system32\GDI32.dll
0x77270000 - 0x7727a000 	C:\Windows\system32\LPK.dll
0x76fc0000 - 0x7705d000 	C:\Windows\system32\USP10.dll
0x73310000 - 0x73342000 	C:\Windows\system32\WINMM.dll
0x75f10000 - 0x75f2f000 	C:\Windows\system32\IMM32.DLL
0x75f30000 - 0x75ffc000 	C:\Windows\system32\MSCTF.dll
0x75170000 - 0x751bb000 	C:\Windows\system32\apphelp.dll
0x6d340000 - 0x6d348000 	C:\Program Files\Java\jdk1.6.0_13\jre\bin\hpi.dll
0x77250000 - 0x77255000 	C:\Windows\system32\PSAPI.DLL
0x6d430000 - 0x6d459000 	C:\Program Files\Java\jdk1.6.0_13\jre\bin\jdwp.dll
0x6d750000 - 0x6d756000 	C:\Program Files\Java\jdk1.6.0_13\jre\bin\npt.dll
0x6d860000 - 0x6d86c000 	C:\Program Files\Java\jdk1.6.0_13\jre\bin\verify.dll
0x6d3e0000 - 0x6d3ff000 	C:\Program Files\Java\jdk1.6.0_13\jre\bin\java.dll
0x6d8a0000 - 0x6d8af000 	C:\Program Files\Java\jdk1.6.0_13\jre\bin\zip.dll
0x6d2b0000 - 0x6d2b7000 	C:\Program Files\Java\jdk1.6.0_13\jre\bin\dt_socket.dll
0x75540000 - 0x75575000 	C:\Windows\system32\WS2_32.dll
0x75e00000 - 0x75e06000 	C:\Windows\system32\NSI.dll
0x72b10000 - 0x72b20000 	C:\Windows\system32\NLAapi.dll
0x74cb0000 - 0x74cec000 	C:\Windows\System32\mswsock.dll
0x74b70000 - 0x74bb4000 	C:\Windows\system32\DNSAPI.dll
0x6e9e0000 - 0x6e9e8000 	C:\Windows\System32\winrnr.dll
0x6e7d0000 - 0x6e7e0000 	C:\Windows\system32\napinsp.dll
0x6a570000 - 0x6a582000 	C:\Windows\system32\pnrpnsp.dll
0x6a560000 - 0x6a56d000 	C:\Windows\system32\wshbth.dll
0x734e0000 - 0x734fc000 	C:\Windows\system32\IPHLPAPI.DLL
0x734d0000 - 0x734d7000 	C:\Windows\system32\WINNSI.DLL
0x72410000 - 0x72448000 	C:\Windows\System32\fwpuclnt.dll
0x6f580000 - 0x6f586000 	C:\Windows\system32\rasadhlp.dll
0x747d0000 - 0x747d5000 	C:\Windows\System32\wshtcpip.dll
0x6d0b0000 - 0x6d1fa000 	C:\Program Files\Java\jdk1.6.0_13\jre\bin\awt.dll
0x700f0000 - 0x70141000 	C:\Windows\system32\WINSPOOL.DRV
0x75ca0000 - 0x75dfc000 	C:\Windows\system32\ole32.dll
0x74170000 - 0x7430e000 	C:\Windows\WinSxS\x86_microsoft.windows.common-controls_6595b64144ccf1df_6.0.7600.16385_none_421189da2b7fabfc\comctl32.dll
0x75930000 - 0x75987000 	C:\Windows\system32\SHLWAPI.dll
0x73530000 - 0x73543000 	C:\Windows\system32\DWMAPI.DLL
0x73820000 - 0x73860000 	C:\Windows\system32\uxtheme.dll
0x751c0000 - 0x751cc000 	C:\Windows\system32\CRYPTBASE.dll
0x76370000 - 0x76fb9000 	C:\Windows\system32\shell32.dll
0x6d2e0000 - 0x6d334000 	C:\Program Files\Java\jdk1.6.0_13\jre\bin\fontmanager.dll
0x6d6c0000 - 0x6d6d3000 	C:\Program Files\Java\jdk1.6.0_13\jre\bin\net.dll
0x74ca0000 - 0x74ca6000 	C:\Windows\System32\wship6.dll
0x6d6e0000 - 0x6d6e9000 	C:\Program Files\Java\jdk1.6.0_13\jre\bin\nio.dll
0x6ded0000 - 0x6e093000 	C:\Windows\system32\d3d9.dll
0x74740000 - 0x74749000 	C:\Windows\system32\VERSION.dll
0x71020000 - 0x71026000 	C:\Windows\system32\d3d8thk.dll
0x65330000 - 0x6562d000 	C:\Windows\system32\atiumdag.dll
0x65050000 - 0x65324000 	C:\Windows\system32\atiumdva.dll
0x6d420000 - 0x6d42d000 	C:\Program Files\Java\jdk1.6.0_13\jre\bin\JdbcOdbc.dll
0x725a0000 - 0x7262a000 	C:\Windows\system32\ODBC32.dll
0x72870000 - 0x728a8000 	C:\Windows\system32\odbcint.dll
0x74e00000 - 0x74e17000 	C:\Windows\system32\bcrypt.dll
0x749d0000 - 0x74a0d000 	C:\Windows\system32\bcryptprimitives.dll
0x75580000 - 0x7560f000 	C:\Windows\system32\OLEAUT32.dll
0x75150000 - 0x7516a000 	C:\Windows\system32\SspiCli.dll
0x77060000 - 0x770e3000 	C:\Windows\system32\CLBCatQ.DLL
0x6b080000 - 0x6b0c8000 	C:\Windows\system32\msjtes40.dll
0x0e680000 - 0x0e68b000 	C:\Windows\system32\VBAJET32.DLL
0x0e880000 - 0x0e8e2000 	C:\Windows\system32\expsrv.dll
0x74cf0000 - 0x74d06000 	C:\Windows\system32\CRYPTSP.dll
0x74a90000 - 0x74acb000 	C:\Windows\system32\rsaenh.dll
0x75230000 - 0x7523e000 	C:\Windows\system32\RpcRtRemote.dll

VM Arguments:
jvm_args: -Xdebug -Xrunjdwp:transport=dt_socket,address=localhost:50249 
java_command: ExamScheduler.ExamSchedulerApp
Launcher Type: SUN_STANDARD

Environment Variables:
PATH=ommonProgramFiles\Microsoft Shared\Windows Live;C:\Windows\system32;C:\Windows;C:\Windows\System32\Wbem;c:\Program Files\Microsoft SQL Server\90\Tools\binn\;C:\Program Files\CyberLink\Power2Go;C:\Program Files\ATI Technologies\ATI.ACE\Core-Static;C:\Program Files\VXIPNP\WinNT\Bin;c:\cygwin\bin;C:\Program Files\Samsung\Samsung PC Studio 3\;C:\Windows\System32\WindowsPowerShell\v1.0\;C:\Program Files\Broadcom\Broadcom 802.11\Driver
USERNAME=Shahid Office
OS=Windows_NT
PROCESSOR_IDENTIFIER=x86 Family 6 Model 23 Stepping 6, GenuineIntel



---------------  S Y S T E M  ---------------

OS: Windows NT 6.1 Build 7600 

CPU:total 2 (2 cores per cpu, 1 threads per core) family 6 model 7 stepping 6, cmov, cx8, fxsr, mmx, sse, sse2, sse3, ssse3

Memory: 4k page, physical 2094272k(793616k free), swap 4188544k(2090888k free)

vm_info: Java HotSpot(TM) Client VM (11.3-b02) for windows-x86 JRE (1.6.0_13-b03), built on Mar  9 2009 01:15:24 by "java_re" with MS VC++ 7.1

time: Wed Mar 24 20:31:41 2010
elapsed time: 25 seconds

